<?xml version="1.0"?>
<!--Phoronix Test Suite v10.8.0-->
<PhoronixTestSuite>
  <TestInformation>
    <Title>Crypto++</Title>
    <AppVersion>8.6</AppVersion>
    <Description>Crypto++ is a C++ class library of cryptographic algorithms.</Description>
    <ResultScale>MiB/second</ResultScale>
    <Proportion>HIB</Proportion>
    <Executable>cryptopp</Executable>
    <TimesToRun>3</TimesToRun>
  </TestInformation>
  <TestProfile>
    <Version>1.1.0</Version>
    <SupportedPlatforms>Linux, MacOSX, Solaris, BSD</SupportedPlatforms>
    <SoftwareType>Benchmark</SoftwareType>
    <TestType>Processor</TestType>
    <License>Free</License>
    <Status>Verified</Status>
    <ExternalDependencies>build-utilities</ExternalDependencies>
    <EnvironmentSize>575</EnvironmentSize>
    <ProjectURL>https://www.cryptopp.com</ProjectURL>
    <RepositoryURL>https://github.com/weidai11/cryptopp</RepositoryURL>
    <Maintainer>Michael Larabel, Nicholas Hubbard</Maintainer>
  </TestProfile>
  <TestSettings>
    <Default>
      <PostArguments> 2</PostArguments>
    </Default>
    <Option>
      <DisplayName>Test</DisplayName>
      <Identifier>test</Identifier>
      <Menu>
        <Entry>
          <Name>Unkeyed Algorithms</Name>
          <Value>b1</Value>
        </Entry>
        <Entry>
          <Name>Keyed Algorithms</Name>
          <Value>b2</Value>
        </Entry>
        <Entry>
          <Name>Integer Public Key Algorithms</Name>
          <Value>b3</Value>
        </Entry>
        <Entry>
          <Name>Elliptic Curve Public Key Algorithms</Name>
          <Value>b4</Value>
        </Entry>
        <Entry>
          <Name>All Algorithms</Name>
          <Value>b</Value>
          <Message>This option can be very time consuming.</Message>
        </Entry>
      </Menu>
    </Option>
  </TestSettings>
</PhoronixTestSuite>
